<?xml version="1.0" encoding="UTF-8"?>
<!-- Generated by org.testng.reporters.JUnitReportReporter -->
<testsuite name="com.qmetry.qaf.automation.step.client.Scenario" tests="1" time="21.840" ignored="0" failures="0" timestamp="17 May 2018 20:18:32 GMT" skipped="0" hostname="OSLT30206-CHIT" errors="0">
  <testcase name="Create Client" time="21.840" classname="com.qmetry.qaf.automation.step.client.Scenario"/>
</testsuite> <!-- com.qmetry.qaf.automation.step.client.Scenario -->
